<?xml version="1.0" encoding="UTF-8"?>
<!-- Generated by org.testng.reporters.JUnitReportReporter -->
<testsuite hostname="LAPTOP-GO0H0EAB" failures="0" tests="1" name="com.fb.testcases.TC001" time="3.538" errors="0" timestamp="2021-09-27T07:57:03 IST" skipped="0">
  <testcase classname="com.fb.testcases.TC001" name="tc001" time="3.538"/>
  <system-out/>
</testsuite> <!-- com.fb.testcases.TC001 -->
